21:39:30,689 INFO  [org.jboss.modules] (main) JBoss Modules version 1.3.6.Final-redhat-1
21:39:30,934 INFO  [org.jboss.msc] (main) JBoss MSC version 1.1.5.Final-redhat-1
21:39:31,019 INFO  [org.jboss.as] (MSC service thread 1-7) JBAS015899: JBoss EAP 6.4.0.GA (AS 7.5.0.Final-redhat-21) starting
21:39:31,029 DEBUG [org.jboss.as.config] (MSC service thread 1-7) Configured system properties:
	awt.toolkit = sun.awt.X11.XToolkit
	file.encoding = UTF-8
	file.encoding.pkg = sun.io
	file.separator = /
	java.awt.graphicsenv = sun.awt.X11GraphicsEnvironment
	java.awt.headless = true
	java.awt.printerjob = sun.print.PSPrinterJob
	java.class.path = /usr/local/share/applications/firefox/jbd/runtimes/jboss-eap/jboss-modules.jar
	java.class.version = 52.0
	java.endorsed.dirs = /usr/java/jdk1.8.0_65/jre/lib/endorsed
	java.ext.dirs = /usr/java/jdk1.8.0_65/jre/lib/ext:/usr/java/packages/lib/ext
	java.home = /usr/java/jdk1.8.0_65/jre
	java.io.tmpdir = /tmp
	java.library.path = /usr/java/packages/lib/amd64:/usr/lib64:/lib64:/lib:/usr/lib
	java.net.preferIPv4Stack = true
	java.runtime.name = Java(TM) SE Runtime Environment
	java.runtime.version = 1.8.0_65-b17
	java.specification.name = Java Platform API Specification
	java.specification.vendor = Oracle Corporation
	java.specification.version = 1.8
	java.util.logging.manager = org.jboss.logmanager.LogManager
	java.vendor = Oracle Corporation
	java.vendor.url = http://java.oracle.com/
	java.vendor.url.bug = http://bugreport.sun.com/bugreport/
	java.version = 1.8.0_65
	java.vm.info = mixed mode
	java.vm.name = Java HotSpot(TM) 64-Bit Server VM
	java.vm.specification.name = Java Virtual Machine Specification
	java.vm.specification.vendor = Oracle Corporation
	java.vm.specification.version = 1.8
	java.vm.vendor = Oracle Corporation
	java.vm.version = 25.65-b01
	javax.management.builder.initial = org.jboss.as.jmx.PluggableMBeanServerBuilder
	javax.xml.datatype.DatatypeFactory = __redirected.__DatatypeFactory
	javax.xml.parsers.DocumentBuilderFactory = __redirected.__DocumentBuilderFactory
	javax.xml.parsers.SAXParserFactory = __redirected.__SAXParserFactory
	javax.xml.stream.XMLEventFactory = __redirected.__XMLEventFactory
	javax.xml.stream.XMLInputFactory = __redirected.__XMLInputFactory
	javax.xml.stream.XMLOutputFactory = __redirected.__XMLOutputFactory
	javax.xml.transform.TransformerFactory = __redirected.__TransformerFactory
	javax.xml.validation.SchemaFactory:http://www.w3.org/2001/XMLSchema = __redirected.__SchemaFactory
	javax.xml.xpath.XPathFactory:http://java.sun.com/jaxp/xpath/dom = __redirected.__XPathFactory
	jboss.bind.address = localhost
	jboss.bind.address.management = localhost
	jboss.home.dir = /usr/local/share/applications/firefox/jbd/runtimes/jboss-eap
	jboss.host.name = localhost
	jboss.modules.dir = /usr/local/share/applications/firefox/jbd/runtimes/jboss-eap/modules
	jboss.modules.system.pkgs = org.jboss.byteman
	jboss.node.name = localhost
	jboss.qualified.host.name = localhost.localdomain
	jboss.server.base.dir = /usr/local/share/applications/firefox/jbd/runtimes/jboss-eap/standalone
	jboss.server.config.dir = /usr/local/share/applications/firefox/jbd/runtimes/jboss-eap/standalone/configuration
	jboss.server.data.dir = /usr/local/share/applications/firefox/jbd/runtimes/jboss-eap/standalone/data
	jboss.server.deploy.dir = /usr/local/share/applications/firefox/jbd/runtimes/jboss-eap/standalone/data/content
	jboss.server.log.dir = /usr/local/share/applications/firefox/jbd/runtimes/jboss-eap/standalone/log
	jboss.server.name = localhost
	jboss.server.persist.config = true
	jboss.server.temp.dir = /usr/local/share/applications/firefox/jbd/runtimes/jboss-eap/standalone/tmp
	line.separator = 

	logging.configuration = file:/usr/local/share/applications/firefox/jbd/runtimes/jboss-eap/standalone/configuration/logging.properties
	module.path = /usr/local/share/applications/firefox/jbd/runtimes/jboss-eap/modules
	org.jboss.boot.log.file = /usr/local/share/applications/firefox/jbd/runtimes/jboss-eap/standalone/log/boot.log
	org.jboss.logmanager.nocolor = true
	org.jboss.resolver.warning = true
	org.xml.sax.driver = __redirected.__XMLReaderFactory
	os.arch = amd64
	os.name = Linux
	os.version = 4.2.8-300.fc23.x86_64+debug
	path.separator = :
	program.name = JBossTools: JBoss EAP 6.4
	sun.arch.data.model = 64
	sun.boot.class.path = /usr/java/jdk1.8.0_65/jre/lib/resources.jar:/usr/java/jdk1.8.0_65/jre/lib/rt.jar:/usr/java/jdk1.8.0_65/jre/lib/sunrsasign.jar:/usr/java/jdk1.8.0_65/jre/lib/jsse.jar:/usr/java/jdk1.8.0_65/jre/lib/jce.jar:/usr/java/jdk1.8.0_65/jre/lib/charsets.jar:/usr/java/jdk1.8.0_65/jre/lib/jfr.jar:/usr/java/jdk1.8.0_65/jre/classes
	sun.boot.library.path = /usr/java/jdk1.8.0_65/jre/lib/amd64
	sun.cpu.endian = little
	sun.cpu.isalist = 
	sun.desktop = gnome
	sun.io.unicode.encoding = UnicodeLittle
	sun.java.command = org.jboss.modules.Main -mp /usr/local/share/applications/firefox/jbd/runtimes/jboss-eap/modules -jaxpmodule javax.xml.jaxp-provider -jaxpmodule javax.xml.jaxp-provider org.jboss.as.standalone -b localhost --server-config=standalone.xml -Djboss.server.base.dir=/usr/local/share/applications/firefox/jbd/runtimes/jboss-eap/standalone
	sun.java.launcher = SUN_STANDARD
	sun.jnu.encoding = UTF-8
	sun.management.compiler = HotSpot 64-Bit Tiered Compilers
	sun.os.patch.level = unknown
	sun.rmi.dgc.client.gcInterval = 3600000
	sun.rmi.dgc.server.gcInterval = 3600000
	user.country = GB
	user.dir = /usr/local/share/applications/firefox/jbd/runtimes/jboss-eap/bin
	user.home = /home/me
	user.language = en
	user.name = me
	user.timezone = Asia/Kolkata
21:39:31,034 DEBUG [org.jboss.as.config] (MSC service thread 1-7) VM Arguments: -Dprogram.name=JBossTools: JBoss EAP 6.4 -Xms1024m -Xmx1024m -XX:MaxPermSize=256m -Dorg.jboss.resolver.warning=true -Djava.net.preferIPv4Stack=true -Dsun.rmi.dgc.client.gcInterval=3600000 -Dsun.rmi.dgc.server.gcInterval=3600000 -Djboss.modules.system.pkgs=org.jboss.byteman -Djava.awt.headless=true -Dorg.jboss.boot.log.file=/usr/local/share/applications/firefox/jbd/runtimes/jboss-eap/standalone/log/boot.log -Dlogging.configuration=file:/usr/local/share/applications/firefox/jbd/runtimes/jboss-eap/standalone/configuration/logging.properties -Djboss.home.dir=/usr/local/share/applications/firefox/jbd/runtimes/jboss-eap -Dorg.jboss.logmanager.nocolor=true -Djboss.bind.address.management=localhost -Dfile.encoding=UTF-8 
21:39:33,813 INFO  [org.jboss.as.server.deployment.scanner] (DeploymentScanner-threads - 1) JBAS015003: Found Hamstring.war in deployment directory. To trigger deployment create a file called Hamstring.war.dodeploy
21:39:33,882 INFO  [org.xnio] (MSC service thread 1-1) XNIO Version 3.0.13.GA-redhat-1
21:39:33,912 INFO  [org.jboss.as.server] (Controller Boot Thread) JBAS015888: Creating http management service using socket-binding (management-http)
21:39:33,922 INFO  [org.xnio.nio] (MSC service thread 1-1) XNIO NIO Implementation Version 3.0.13.GA-redhat-1
21:39:33,968 INFO  [org.jboss.remoting] (MSC service thread 1-1) JBoss Remoting version 3.3.4.Final-redhat-1
